SessionID = "110816.100658"
SessionDate = "16/08/2011 (dd/mm/yyyy)"
SessionEnvironment = "closed empty room"
SessionComments = "80Hz highpass filter, 6dB pre-att"
SpeakerID = "8125"
SpeakerName = "Brendalyn Javier"
SpeakerAge = 22
SpeakerGender = "female"
SpekaerDialect = "Tagalog-Batangas"
MotherDialect = "Tagalog-Batangas"
FatherDialect = "Tagalog-Batangas"
SpeakerProfession = "Student"
SpeakerComments = ""
8125.110816.100658.0003.wav "TGL_Iso_Kinship.txt" "diko"
8125.110816.100658.0004.wav "TGL_Iso_Kinship.txt" "bunso"
8125.110816.100658.0005.wav "TGL_Iso_Kinship.txt" "amang"
8125.110816.100658.0006.wav "TGL_Iso_Kinship.txt" "kaputol (utol)"
8125.110816.100658.0007.wav "TGL_Iso_Kinship.txt" "katambal"
8125.110816.100658.0008.wav "TGL_Iso_Kinship.txt" "katukayo"
8125.110816.100658.0009.wav "TGL_Iso_Kinship.txt" "kaibigan"
8125.110816.100658.0010.wav "TGL_Iso_Kinship.txt" "kinakapatid"
8125.110816.100658.0011.wav "TGL_Iso_Kinship.txt" "kapitbahay"
8125.110816.100658.0012.wav "TGL_Iso_Kinship.txt" "katukayo"
8125.110816.100658.0014.wav "TGL_Iso_BodyParts.txt" "likuran"
8125.110816.100658.0015.wav "TGL_Iso_BodyParts.txt" "puyo"
8125.110816.100658.0016.wav "TGL_Iso_BodyParts.txt" "bayag"
8125.110816.100658.0017.wav "TGL_Iso_BodyParts.txt" "hinlalaki"
8125.110816.100658.0018.wav "TGL_Iso_BodyParts.txt" "patilya"
8125.110816.100658.0019.wav "TGL_Iso_BodyParts.txt" "kalamnan"
8125.110816.100658.0020.wav "TGL_Iso_BodyParts.txt" "bató"
8125.110816.100658.0021.wav "TGL_Iso_BodyParts.txt" "pilikmata"
8125.110816.100658.0022.wav "TGL_Iso_BodyParts.txt" "hinlalaki"
8125.110816.100658.0023.wav "TGL_Iso_BodyParts.txt" "kalingkingan"
8125.110816.100658.0024.wav "TGL_Iso_BodyParts.txt" "labì"
8125.110816.100658.0025.wav "TGL_Iso_BodyParts.txt" "laman"
8125.110816.100658.0026.wav "TGL_Iso_BodyParts.txt" "bukong-bukong"
8125.110816.100658.0027.wav "TGL_Iso_BodyParts.txt" "hinliliit"
8125.110816.100658.0029.wav "TGL_Iso_BodyParts.txt" "súso"
8125.110816.100658.0030.wav "TGL_Iso_male.txt" "Matthew"
8125.110816.100658.0031.wav "TGL_Iso_male.txt" "Donald"
8125.110816.100658.0032.wav "TGL_Iso_male.txt" "Omar"
8125.110816.100658.0033.wav "TGL_Iso_male.txt" "Alfred"
8125.110816.100658.0034.wav "TGL_Iso_male.txt" "Ricardo"
8125.110816.100658.0035.wav "TGL_Iso_male.txt" "Mark Anthony"
8125.110816.100658.0036.wav "TGL_Iso_male.txt" "Stephen"
8125.110816.100658.0037.wav "TGL_Iso_male.txt" "Julius"
8125.110816.100658.0038.wav "TGL_Iso_male.txt" "Ariel"
8125.110816.100658.0039.wav "TGL_Iso_male.txt" "Christopher"
8125.110816.100658.0040.wav "TGL_Iso_male.txt" "Emil"
8125.110816.100658.0041.wav "TGL_Iso_male.txt" "Michael"
8125.110816.100658.0042.wav "TGL_Iso_male.txt" "Benjamin"
8125.110816.100658.0043.wav "TGL_Iso_male.txt" "Anthony"
8125.110816.100658.0044.wav "TGL_Iso_male.txt" "Angelo"
8125.110816.100658.0045.wav "TGL_Iso_male.txt" "Phil"
8125.110816.100658.0046.wav "TGL_Iso_female.txt" "Christy"
8125.110816.100658.0047.wav "TGL_Iso_female.txt" "Pia"
8125.110816.100658.0048.wav "TGL_Iso_female.txt" "Stella"
8125.110816.100658.0049.wav "TGL_Iso_female.txt" "Cristina"
8125.110816.100658.0050.wav "TGL_Iso_female.txt" "Lucia"
8125.110816.100658.0051.wav "TGL_Iso_female.txt" "Cherry"
8125.110816.100658.0052.wav "TGL_Iso_female.txt" "Eliza"
8125.110816.100658.0053.wav "TGL_Iso_female.txt" "Michelle"
8125.110816.100658.0054.wav "TGL_Iso_female.txt" "Mary Ann"
8125.110816.100658.0055.wav "TGL_Iso_female.txt" "Kat"
8125.110816.100658.0056.wav "TGL_Iso_female.txt" "Jennifer"
8125.110816.100658.0057.wav "TGL_Iso_female.txt" "Jillian"
8125.110816.100658.0058.wav "TGL_Iso_female.txt" "Cherry"
8125.110816.100658.0059.wav "TGL_Iso_female.txt" "Evelyn"
8125.110816.100658.0060.wav "TGL_Iso_female.txt" "Doreen"
8125.110816.100658.0061.wav "TGL_Iso_surnames_countries.txt" "Torres "
8125.110816.100658.0062.wav "TGL_Iso_surnames_countries.txt" "Alemanya"
8125.110816.100658.0063.wav "TGL_Iso_surnames_countries.txt" "Del Rosario"
8125.110816.100658.0064.wav "TGL_Iso_surnames_countries.txt" "Aprika"
8125.110816.100658.0065.wav "TGL_Iso_surnames_countries.txt" "Tsina"
8125.110816.100658.0066.wav "TGL_Iso_surnames_countries.txt" "Rivera "
8125.110816.100658.0067.wav "TGL_Iso_surnames_countries.txt" "De Castro"
8125.110816.100658.0068.wav "TGL_Iso_surnames_countries.txt" "Alemanya"
8125.110816.100658.0069.wav "TGL_Iso_companies.txt" "Export and Industry Bank"
8125.110816.100658.0070.wav "TGL_Iso_companies.txt" "Far Eastern University"
8125.110816.100658.0071.wav "TGL_Iso_companies.txt" "Petron Corporation"
8125.110816.100658.0072.wav "TGL_Iso_companies.txt" "Manulife Financial"
8125.110816.100658.0073.wav "TGL_Iso_companies.txt" "Metro Pacific Investments"
8125.110816.100658.0074.wav "TGL_Iso_companies.txt" "San Miguel Brewery"
8125.110816.100658.0075.wav "TGL_Iso_companies.txt" "First Philippine Holdings Corporation"
8125.110816.100658.0076.wav "TGL_Iso_companies.txt" "Sun Life Financial"
8125.110816.100658.0077.wav "TGL_Iso_companies.txt" "San Miguel"
8125.110816.100658.0082.wav "TGL_Iso_companies.txt" "First Philippine Holdings Corporation"
8125.110816.100658.0083.wav "TGL_Iso_hotels.txt" "InterContinental Manila Hotel"
8125.110816.100658.0084.wav "TGL_Iso_hotels.txt" "Boracay Hills Resort"
8125.110816.100658.0085.wav "TGL_Iso_hotels.txt" "Peninsula Manila"
8125.110816.100658.0086.wav "TGL_Iso_hotels.txt" "Crown Regency Residences"
8125.110816.100658.0088.wav "TGL_Iso_hotels.txt" "Crown Regency Residences"
8125.110816.100658.0089.wav "TGL_Iso_hotels.txt" "Sofitel Philippine Plaza"
8125.110816.100658.0090.wav "TGL_Iso_hotels.txt" "The Malayan Plaza Hotel"
8125.110816.100658.0091.wav "TGL_Iso_hotels.txt" "Lotus Garden Hotel"
8125.110816.100658.0092.wav "TGL_Iso_hotels.txt" "The Malayan Plaza Hotel"
8125.110816.100658.0093.wav "TGL_Iso_hotels.txt" "Manila Pavilion Hotel"
8125.110816.100658.0094.wav "TGL_Iso_hotels.txt" "Edsa Shangri-La Hotel"
8125.110816.100658.0095.wav "TGL_Iso_landmarks.txt" "Tubbataha Reef"
8125.110816.100658.0096.wav "TGL_Iso_landmarks.txt" "Anilao Dive spots"
8125.110816.100658.0097.wav "TGL_Iso_landmarks.txt" "Subterranean River"
8125.110816.100658.0098.wav "TGL_Iso_landmarks.txt" "Emilio Aguinaldo Shrine"
8125.110816.100658.0099.wav "TGL_Iso_landmarks.txt" "Powerplant Rockwell Mall"
8125.110816.100658.0100.wav "TGL_Iso_landmarks.txt" "EDSA Shrine"
8125.110816.100658.0101.wav "TGL_Iso_landmarks.txt" "Ambuklao Dam"
8125.110816.100658.0102.wav "TGL_Iso_landmarks.txt" "Banaue Rice Terraces"
8125.110816.100658.0103.wav "TGL_Iso_landmarks.txt" "Bamboo Organ of Las Piñas"
8125.110816.100658.0104.wav "TGL_Iso_landmarks.txt" "Hinulugang Taktak"
8125.110816.100658.0105.wav "TGL_Iso_landmarks.txt" "Powerplant Rockwell Mall"
8125.110816.100658.0106.wav "TGL_Iso_landmarks.txt" "Eastwood City"
8125.110816.100658.0107.wav "TGL_Iso_local_cuisines.txt" "Toyo"
8125.110816.100658.0108.wav "TGL_Iso_local_cuisines.txt" "Guisado"
8125.110816.100658.0109.wav "TGL_Iso_local_cuisines.txt" "Binagoongan"
8125.110816.100658.0110.wav "TGL_Iso_local_cuisines.txt" "Pinangat"
8125.110816.100658.0111.wav "TGL_Iso_local_cuisines.txt" "Laing"
8125.110816.100658.0112.wav "TGL_Iso_local_cuisines.txt" "Guisado"
8125.110816.100658.0113.wav "TGL_Iso_local_cuisines.txt" "Kaldereta"
8125.110816.100658.0114.wav "TGL_Iso_local_cuisines.txt" "Biscocho"
8125.110816.100658.0115.wav "TGL_Iso_local_cuisines.txt" "Binalot"
8125.110816.100658.0116.wav "TGL_Iso_local_cuisines.txt" "Tinusta"
8125.110816.100658.0117.wav "TGL_Iso_local_cuisines.txt" "Champorado"
8125.110816.100658.0118.wav "TGL_Iso_local_cuisines.txt" "Pinaputok"
8125.110816.100658.0119.wav "TGL_Iso_local_cuisines.txt" "Sarciado"
8125.110816.100658.0120.wav "TGL_Iso_local_cuisines.txt" "Kanin"
8125.110816.100658.0121.wav "TGL_Iso_local_cuisines.txt" "Pinirito"
8125.110816.100658.0122.wav "TGL_Iso_local_cuisines.txt" "Pancit Canton"
8125.110816.100658.0123.wav "TGL_Iso_local_cuisines.txt" "Sinigang"
8125.110816.100658.0124.wav "TGL_Iso_local_cuisines.txt" "Sarciado"
8125.110816.100658.0125.wav "TGL_Iso_airlines_Shib.txt" "gan-on		(Batangas, Marinduque)"
8125.110816.100658.0126.wav "TGL_Iso_airlines_Shib.txt" "matamis"
8125.110816.100658.0127.wav "TGL_Iso_airlines_Shib.txt" "Kalibo International Airport"
8125.110816.100658.0128.wav "TGL_Iso_airlines_Shib.txt" "Legazpo Airport"
8125.110816.100658.0129.wav "TGL_Iso_airlines_Shib.txt" "San Jose Airport"
8125.110816.100658.0130.wav "TGL_Iso_airlines_Shib.txt" "Bancasi Airport"
8125.110816.100658.0131.wav "TGL_Iso_airlines_Shib.txt" "Puerto Princesa International Airport"
8125.110816.100658.0132.wav "TGL_Iso_airlines_Shib.txt" "la-ang		(Batangas, Marinduque)"
8125.110816.100658.0133.wav "TGL_Iso_airlines_Shib.txt" "Pagadian Airport"
8125.110816.100658.0134.wav "TGL_Iso_Time.txt" "sandali"
8125.110816.100658.0135.wav "TGL_Iso_Time.txt" "araw-araw"
8125.110816.100658.0136.wav "TGL_Iso_Time.txt" "kamakailan"
8125.110816.100658.0137.wav "TGL_Iso_Time.txt" "Enero"
8125.110816.100658.0138.wav "TGL_Iso_Time.txt" "bukang-liwayway"
8125.110816.100658.0139.wav "TGL_Iso_Time.txt" "labinlimang"
8125.110816.100658.0140.wav "TGL_Iso_Time.txt" "noon"
8125.110816.100658.0141.wav "TGL_Iso_Time.txt" "kailanman"
8125.110816.100658.0142.wav "TGL_Iso_Time.txt" "Hulyo"
8125.110816.100658.0143.wav "TGL_Iso_Time.txt" "segundo"
8125.110816.100658.0144.wav "TGL_Iso_Time.txt" "Enero"
8125.110816.100658.0145.wav "TGL_Iso_Time.txt" "labinlimang"
8125.110816.100658.0146.wav "TGL_Iso_Time.txt" "bágo"
8125.110816.100658.0147.wav "TGL_Iso_Time.txt" "nitong"
8125.110816.100658.0148.wav "TGL_Iso_Time.txt" "mamaya"
8125.110816.100658.0149.wav "TGL_Iso_Time.txt" "pagkatapos"
8125.110816.100658.0150.wav "TGL_Iso_Time.txt" "makaraan"
8125.110816.100658.0151.wav "TGL_Iso_Time.txt" "mamayang"
8125.110816.100658.0152.wav "TGL_Iso_Time.txt" "Hulyo"
8125.110816.100658.0153.wav "TGL_Iso_Time.txt" "madalas"
8125.110816.100658.0154.wav "TGL_Iso_Time.txt" "kapagdaka"
8125.110816.100658.0155.wav "TGL_Iso_Weather.txt" "maliwanag"
8125.110816.100658.0156.wav "TGL_Iso_Weather.txt" "maambon"
8125.110816.100658.0157.wav "TGL_Iso_Weather.txt" "temperatura"
8125.110816.100658.0158.wav "TGL_Iso_Weather.txt" "mahangin"
8125.110816.100658.0159.wav "TGL_Iso_Weather.txt" "makulimlim"
8125.110816.100658.0161.wav "TGL_Iso_Weather.txt" "makulimlim"
8125.110816.100658.0164.wav "TGL_Iso_Weather.txt" "biglaang pagbaha"
8125.110816.100658.0165.wav "TGL_Iso_Weather.txt" "ulap"
8125.110816.100658.0166.wav "TGL_Iso_Weather.txt" "kulog"
8125.110816.100658.0167.wav "TGL_Iso_cities.txt" "Naga"
8125.110816.100658.0168.wav "TGL_Iso_cities.txt" "Muntinlupa"
8125.110816.100658.0170.wav "TGL_Iso_cities.txt" "Guihulngan"
8125.110816.100658.0171.wav "TGL_Iso_cities.txt" "Singalong"
8125.110816.100658.0172.wav "TGL_Iso_cities.txt" "Rizal"
8125.110816.100658.0173.wav "TGL_Iso_cities.txt" "Roxas"
8125.110816.100658.0174.wav "TGL_Iso_cities.txt" "Nueva Ecija"
8125.110816.100658.0175.wav "TGL_Iso_cities.txt" "Pampanga"
8125.110816.100658.0176.wav "TGL_Iso_cities.txt" "Bayugan"
8125.110816.100658.0177.wav "TGL_Iso_cities.txt" "Tandag"
8125.110816.100658.0178.wav "TGL_Iso_cities.txt" "Bulacan"
8125.110816.100658.0179.wav "TGL_Iso_colors_Pronouns.txt" "tayo"
8125.110816.100658.0181.wav "TGL_Iso_colors_Pronouns.txt" "tayo"
8125.110816.100658.0182.wav "TGL_Iso_colors_Pronouns.txt" "kanya (his or her)"
8125.110816.100658.0183.wav "TGL_Iso_colors_Pronouns.txt" "yellow"
8125.110816.100658.0184.wav "TGL_Iso_colors_Pronouns.txt" "doon (there, far)"
8125.110816.100658.0185.wav "TGL_Iso_colors_Pronouns.txt" "puti"
8125.110816.100658.0186.wav "TGL_Iso_colors_Pronouns.txt" "kanya (his or her)"
8125.110816.100658.0187.wav "TGL_Iso_colors_Pronouns.txt" "brown"
8125.110816.100658.0188.wav "TGL_Iso_colors_Pronouns.txt" "ilan"
8125.110816.100658.0190.wav "TGL_Iso_Ordinal.txt" "ikatatlumpu't isa"
8125.110816.100658.0191.wav "TGL_Iso_Ordinal.txt" "ikadalawampu't isang"
8125.110816.100658.0192.wav "TGL_Iso_Ordinal.txt" "ikatatlumpu't walo"
8125.110816.100658.0193.wav "TGL_Iso_Ordinal.txt" "ikatatlumpu't limang"
8125.110816.100658.0194.wav "TGL_Iso_Ordinal.txt" "ikalimang"
8125.110816.100658.0195.wav "TGL_Iso_Ordinal.txt" "ikaanimnapung"
8125.110816.100658.0196.wav "TGL_Iso_Ordinal.txt" "ikatatlumpu't pitong"
8125.110816.100658.0197.wav "TGL_Iso_Ordinal.txt" "ikadalawampu't isang"
8125.110816.100658.0198.wav "TGL_Iso_Ordinal.txt" "ikalabinsiyam"
8125.110816.100658.0199.wav "TGL_Iso_Ordinal.txt" "ikalawang"
8125.110816.100658.0200.wav "TGL_Iso_Ordinal.txt" "ikalabintatlong"
8125.110816.100658.0201.wav "TGL_Iso_Ordinal.txt" "ikalabimpito"
8125.110816.100658.0204.wav "TGL_Iso_MinPairs.txt" "liha-lihâ (sandpaper-segment)"
8125.110816.100658.0205.wav "TGL_Iso_MinPairs.txt" "babà-babâ (chin-go down)"
8125.110816.100658.0206.wav "TGL_Iso_MinPairs.txt" "lala-lalâ (weave-serious)"
8125.110816.100658.0207.wav "TGL_Iso_MinPairs.txt" "mama-mamà (mother-elderly man)"
8125.110816.100658.0209.wav "TGL_Iso_MinPairs.txt" "kita-kitâ-kitá (see-earn-you and i)"
8125.110816.100658.0213.wav "TGL_Iso_MinPairs.txt" "bulo-bulô (hairs of fruits-young carabao)"
8125.110816.100658.0214.wav "TGL_Iso_MinPairs.txt" "pasò-pasô (scald/burn-flower pot)"
8125.110816.100658.0215.wav "TGL_Iso_MinPairs.txt" "pasò-pasô (scald/burn-flower pot)"
8125.110816.100658.0216.wav "TGL_Iso_MinPairs.txt" "kaka-kakâ (uncle/aunt-elder sister/brother)"
8125.110816.100658.0217.wav "TGL_Utt_Greetings.txt" "Ipagpaumanhin po ninyo ang aking pagkakamali."
8125.110816.100658.0219.wav "TGL_Utt_Greetings.txt" "Ikinararangal ko po kayong makilala."
8125.110816.100658.0220.wav "TGL_Utt_Greetings.txt" "Ikinagagalak ko po kayong makilala."
8125.110816.100658.0221.wav "TGL_Utt_Greetings.txt" "Kumusta na po kayo?"
8125.110816.100658.0222.wav "TGL_Utt_Greetings.txt" "Magandang tanghali."
8125.110816.100658.0223.wav "TGL_Utt_Greetings.txt" "Ingat po kayo."
8125.110816.100658.0224.wav "TGL_Utt_Greetings.txt" "Maligayang bati sa iyong kaarawan."
8125.110816.100658.0225.wav "TGL_Utt_Greetings.txt" "Kumusta na po sila?"
8125.110816.100658.0226.wav "TGL_Utt_Greetings.txt" "Tuloy po sila."
8125.110816.100658.0227.wav "TGL_Utt_Greetings.txt" "Magandang gabí po."
8125.110816.100658.0228.wav "TGL_Utt_Greetings.txt" "Ikinagagalak ko po kayong makilala."
8125.110816.100658.0229.wav "TGL_Utt_Greetings.txt" "Maligayang pagbátì."
8125.110816.100658.0230.wav "TGL_Utt_Greetings.txt" "Kumusta po kayo?"
8125.110816.100658.0233.wav "TGL_Utt_Greetings.txt" "Pagpalain ka nawâ ng diyos."
8125.110816.100658.0234.wav "TGL_Utt_Greetings.txt" "Mabuti naman."
8125.110816.100658.0235.wav "TGL_Utt_Greetings.txt" "Pasensya na po."
8125.110816.100658.0236.wav "TGL_Utt_CommonExpressions.txt" "Maraming salamat."
8125.110816.100658.0237.wav "TGL_Utt_CommonExpressions.txt" "Maligayang bati po sa inyo.	"
8125.110816.100658.0238.wav "TGL_Utt_CommonExpressions.txt" "Saan ho kayo nakatira?"
8125.110816.100658.0239.wav "TGL_Utt_CommonExpressions.txt" "Ano hong pagkain natin ngayon?"
8125.110816.100658.0240.wav "TGL_Utt_CommonExpressions.txt" "Gusto niyo bang kumain?	"
8125.110816.100658.0241.wav "TGL_Utt_CommonExpressions.txt" "Anong oras na?"
8125.110816.100658.0242.wav "TGL_Utt_CommonExpressions.txt" "Magkano ho ito?"
8125.110816.100658.0243.wav "TGL_Utt_CommonExpressions.txt" "Mahal mo ba ako?"
8125.110816.100658.0244.wav "TGL_Utt_CommonExpressions.txt" "Magkano po ito?"
8125.110816.100658.0245.wav "TGL_Utt_CommonExpressions.txt" "Magandang umaga ho sa inyo.	"
8125.110816.100658.0246.wav "TGL_Utt_CommonExpressions.txt" "Pasensiya na ho sa inyo.	"
8125.110816.100658.0247.wav "TGL_Utt_CommonExpressions.txt" "Magkita na lang po tayo sa susunod."
8125.110816.100658.0248.wav "TGL_Utt_CommonExpressions.txt" "Ilang taon na po kayo?"
8125.110816.100658.0249.wav "TGL_Utt_CommonExpressions.txt" "Magandang gabi po.	"
8125.110816.100658.0250.wav "TGL_Utt_CommonExpressions.txt" "Malakas ang buhos ng ulan."
8125.110816.100658.0251.wav "TGL_Utt_CommonExpressions.txt" "Ilang taon na ho kayo?"
8125.110816.100658.0252.wav "TGL_Utt_CommonExpressions.txt" "Saan po kayo nakatira?"
8125.110816.100658.0253.wav "TGL_Utt_CommonExpressions.txt" "Huwag na ho kayong mag-abala."
8125.110816.100658.0254.wav "TGL_Utt_Interrogatives.txt" "Gusto mo bang sumáma, o hindi?"
8125.110816.100658.0255.wav "TGL_Utt_Interrogatives.txt" "Siya ba ang kumain ng mangga?"
8125.110816.100658.0256.wav "TGL_Utt_Interrogatives.txt" "Bakit tutugtog si Francisco?"
8125.110816.100658.0257.wav "TGL_Utt_Interrogatives.txt" "Nawawala ba ang gamit niya?"
8125.110816.100658.0258.wav "TGL_Utt_Interrogatives.txt" "Pilipino si James, o Amerikano?"
8125.110816.100658.0259.wav "TGL_Utt_Interrogatives.txt" "Gaano kahirap ang eksam nyo?"
8125.110816.100658.0260.wav "TGL_Utt_Interrogatives.txt" "Alin-alin ang damit na ibibigay mo sa kanya?"
8125.110816.100658.0261.wav "TGL_Utt_Interrogatives.txt" "Mag-aaral ba si Michael?"
8125.110816.100658.0262.wav "TGL_Utt_Interrogatives.txt" "Kailan magkikita sa bahay sina Ronald?"
8125.110816.100658.0263.wav "TGL_Utt_Interrogatives.txt" "Saan-saan  pupunta si James?"
8125.110816.100658.0265.wav "TGL_Utt_Interrogatives.txt" "Estudyante ba si Michael?"
8125.110816.100658.0266.wav "TGL_Utt_Interrogatives.txt" "Mag-aaral ba si Michael?"
8125.110816.100658.0267.wav "TGL_Utt_Interrogatives.txt" "Tutugtog ba si Francisco?"
8125.110816.100658.0268.wav "TGL_Utt_Interrogatives.txt" "Alin-alin ang damit na ibibigay mo sa kanya?"
8125.110816.100658.0271.wav "TGL_Utt_News.txt" "Ito'y matapos magsara ang piso kahapon sa halagang limampu't isang piso at dalawampu't apat na sentimo kada dolyar matapos itong pumalo sa pinakamataas na limampu't isang piso at dalawampu't isang sentimo."
8125.110816.100658.0272.wav "TGL_Utt_News.txt" "Seventy-six point eight percent ng Pinoy ang mahirap"
8125.110816.100658.0274.wav "TGL_Utt_News.txt" "Naglaro naman ang palitan ng dolyar kahapon sa pagitan ng apatnapu't walong piso at animnapu't limang sentimo hanggang apatnapu't walong piso at pitumpu't limang sentimo."
8125.110816.100658.0275.wav "TGL_Utt_News.txt" "Nagsara ang piso sa limampu't isang piso at labing walong sentimo kontra sa isang dolyar kahapon, ang pinakamataas na halaga nito simula noong Hulyo ng taong dalawang libo't dalawa."
8125.110816.100658.0278.wav "TGL_Utt_News.txt" "Ito'y upang mapigilan ang anumang plano ng pamahalaan na mag-import ng mga hindi otorisadong gamot na pang-anti-hypertension na Norvasc mula sa India."
8125.110816.100658.0279.wav "TGL_Utt_News.txt" "Nangangamba ang Phil-export sa paglakas ng piso kontra dolyar"
8125.110816.100658.0281.wav "TGL_Utt_News.txt" "Samantalang umabot naman sa five hundred four point five na milyong dolyar ang naipon sa takbo ng negosyo kahapon sa merkado."
8125.110816.100658.0284.wav "TGL_Utt_News.txt" "Nakahanda ang bansa na kunin ang malaking parte ng pamilihang-mangga sa Estados Unidos, ayun sa sekretaryo ng Departamento ng Agrikultura. "
8125.110816.100658.0285.wav "TGL_Utt_News.txt" "Dumami na lamang anya ang gumagamit nito sa kasalukuyan dahilan na rin sa patuloy na pagtaas ng halaga ng produktong petrolyo."
8125.110816.100658.0286.wav "TGL_Utt_News.txt" "Aabot sa labing-isang bilyong piso ang atraso ng mga GOCCs sa gobyerno"
8125.110816.100658.0288.wav "TGL_Utt_News.txt" "Ilalagak para sa produksyon ng mais ang walong daang libong pisong ipapautang ng ADB sa Pilipinas"
8125.110816.100658.0289.wav "TGL_Utt_News.txt" "Pero paano kung hindi nag-click ang pinasok na negosyo? "
8125.110816.100658.0291.wav "TGL_Utt_News.txt" "Maaring hindi na bumili ng asukal ang Pilipinas sa ibang bansa pagdating ng taong taong dalawang libo at pito."
8125.110816.100658.0297.wav "TGL_Utt_News.txt" "Malaki rin ang naitutulong nito sa paglalako ng mga magsasaka sa kanilang mga produkto."
8125.110816.100658.0298.wav "TGL_Utt_News.txt" "Hindi ipagagalaw ni PGMA ang piso laban sa dolyar"
8125.110816.100658.0299.wav "TGL_Utt_News.txt" "Mangangailangan ang gobyerno ng tatlumpu't siyam na bilyong dolyar para sa mga proyekto nito"
8125.110816.100658.0303.wav "TGL_Utt_News.txt" "Nagbigay ang China ng limang milyong pisong tulong sa Pilipinas para sa proyekto ng imprastraktura"
8125.110816.100658.0305.wav "TGL_Utt_News.txt" "Ang naitalang utang ng mga pampublikong sektor ay five point five trilyong piso"
8125.110816.100658.0306.wav "TGL_Utt_News.txt" "Nakikipag-ugnayan ang Phil-export sa mga lgu para sa proseso ng pagnenegosyo"
8125.110816.100658.0307.wav "TGL_Utt_News.txt" "Gagastos ng labintatlong bilyong piso ang gobyerno sa pagbuhay ng OPSF"
8125.110816.100658.0310.wav "TGL_Utt_News.txt" "Tumaas ng sampung piso ang presyo ng lechon manok"
8125.110816.100658.0311.wav "TGL_Utt_News.txt" "Magtataas ng singil ang Meralco"
8125.110816.100658.0312.wav "TGL_Utt_News.txt" "Maaaring hindi na mag-import ng asukal ang Pilipinas sa pagsapit ng taong dalawang libo at pito"
8125.110816.100658.0313.wav "TGL_Utt_News.txt" "Patuloy sa pag-ganda ang halaga ng piso"
8125.110816.100658.0317.wav "TGL_Utt_News.txt" "Masusing pinag-aaralan ngayon ng lokal na pamahalaan ng lungsod ng Manila kung anu-anong kaso ang maaaring isampa laban sa mga kilalang personalidad na nagtayo ng negosyo sa baywalk sa kahabaan ng Roxas Blvd."
8125.110816.100658.0318.wav "TGL_Utt_News.txt" "Sa nakaraang apat na taon, nagsara ang piso sa halagang limampung piso at tatlumpu't pitong sentimo kumpara sa limampung piso at apatnapu't walong sentimo kontra dolyar. "
8125.110816.100658.0319.wav "TGL_Utt_News.txt" "Paanong mababayaran ang inutang? "
8125.110816.100658.0320.wav "TGL_Utt_News.txt" "Palalawakin ang produksyon ng abaca sa albay "
8125.110816.100658.0323.wav "TGL_Utt_News.txt" "Magpapatuloy ang pagbawi sa merkado ng bansa"
8125.110816.100658.0325.wav "TGL_Utt_News.txt" "Naapektuhan na rin ng pagtaas ng presyo ng krudo ang halaga ng piso."
8125.110816.100658.0328.wav "TGL_Utt_News.txt" "Dumami na lamang anya ang gumagamit nito sa kasalukuyan dahilan na rin sa patuloy na pagtaas ng halaga ng produktong petrolyo."
8125.110816.100658.0329.wav "TGL_Utt_News.txt" "Sa kasalukuyan, matatagpuan sa Zamboanga Sibugay ang pinakamalawak na plantasyon ng mga puno ng goma, kasunod ang basilan. "
8125.110816.100658.0331.wav "TGL_Utt_News.txt" "Dalawang milyong pisong ang pondong ilalaan ng DA sa pag-angkat ng gulay mula sa mga lalawigan"
8125.110816.100658.0332.wav "TGL_Utt_News.txt" "Pondo para sa enerhiya sa susunod na taon tumaas"
8125.110816.100658.0333.wav "TGL_Utt_News.txt" "Pondo para sa enerhiya sa susunod na taon tumaas"
8125.110816.100658.0334.wav "TGL_Utt_News.txt" "Bahagyang nanamlay ang halaga ng piso laban sa dolyar makaraan ang pagsigla nito sa merkado nitong nakalipas na mga araw."
8125.110816.100658.0336.wav "TGL_Utt_News.txt" "Bunga ito ng patuloy na pagtaas ng halaga ng krudo sa pandaigdigang pamilihan."
8125.110816.100658.0338.wav "TGL_Utt_News.txt" "Inaprubahan na ni PGMA ang pag-iisa ng dalawang higanteng bangko"
8125.110816.100658.0340.wav "TGL_Utt_News.txt" "Taliwas ito sa naunang pahayag ng pamahalaan na hindi mararamdaman ng mga mamayan ang epekto ng batas. "
8125.110816.100658.0341.wav "TGL_Utt_News.txt" "Ayon kay Teves, nais mabayaran ng pamahalaan ang mga pagkakautang"
8125.110816.100658.0342.wav "TGL_Utt_Medical.txt" "Magandang hapon ho Dok"
8125.110816.100658.0343.wav "TGL_Utt_Medical.txt" "Paano po matutukoy ang sakit na yan?"
8125.110816.100658.0345.wav "TGL_Utt_Medical.txt" "Magandang hapon ho Dok"
8125.110816.100658.0346.wav "TGL_Utt_Medical.txt" "Nahihirapan ka bang huminga?"
8125.110816.100658.0348.wav "TGL_Utt_Medical.txt" "Mawawala ba agad ito Dok?"
8125.110816.100658.0349.wav "TGL_Utt_Medical.txt" "Ano ba ang mabisang gamot diyan?"
8125.110816.100658.0350.wav "TGL_Utt_Medical.txt" "Lagi pong sumasakit ang ulo ko"
8125.110816.100658.0351.wav "TGL_Utt_Medical.txt" "Sabihin niyo po kung saan masakit"
8125.110816.100658.0352.wav "TGL_Utt_Medical.txt" "Nahihirapan po siyang lumunok"
8125.110816.100658.0353.wav "TGL_Utt_Medical.txt" "Nagkakati ba ang puwet mo?"
8125.110816.100658.0354.wav "TGL_Utt_Medical.txt" "Tumigil na kayo sa pag-inom ng alak"
8125.110816.100658.0355.wav "TGL_Utt_Medical.txt" "May allergy ka ba?"
8125.110816.100658.0356.wav "TGL_Utt_Medical.txt" "Magandang umaga po Dok"
8125.110816.100658.0357.wav "TGL_Utt_Medical.txt" "Naninikip ang aking dibdib"
8125.110816.100658.0358.wav "TGL_Utt_Medical.txt" "Magandang gabi ho Dok"
8125.110816.100658.0359.wav "TGL_Utt_Medical.txt" "Anong nararamdaman mo?"
8125.110816.100658.0360.wav "TGL_Utt_Medical.txt" "Ano po ang gamot sa singaw ng bata?"
8125.110816.100658.0361.wav "TGL_Utt_Medical.txt" "Tatlong beses sa isang araw"
8125.110816.100658.0362.wav "TGL_Utt_Medical.txt" "Hindi po umeepekto ang gamot"
8125.110816.100658.0363.wav "TGL_Utt_Medical.txt" "Nanlalabo ang aking paningin"
8125.110816.100658.0364.wav "TGL_Utt_Medical.txt" "Umiwas sa mga maaalat na pagkain"
8125.110816.100658.0365.wav "TGL_Utt_Medical.txt" "Hindi ako makakain ng maayos"
8125.110816.100658.0366.wav "TGL_Utt_Salawikain.txt" "Aanhin pa ang damo kung patay na ang kabayo?"
8125.110816.100658.0367.wav "TGL_Utt_Salawikain.txt" "Huwag magbilang ng manok hangga't hindi napipisa ang itlog."
8125.110816.100658.0371.wav "TGL_Utt_Salawikain.txt" "Kung gaano kataas ang lipad gayon din ang lagapak pag bagsak."
8125.110816.100658.0372.wav "TGL_Utt_Salawikain.txt" "Walang pagod magtipon, walang hinayang magtapon."
8125.110816.100658.0373.wav "TGL_Utt_Salawikain.txt" "Ang isdâ ay hinuhuli sa bibig. Ang tao, sa salitâ."
8125.110816.100658.0374.wav "TGL_Utt_Salawikain.txt" "Turan mo ang iyong kaibigan, sasabihin ko kung sino ikaw."
8125.110816.100658.0375.wav "TGL_Utt_Salawikain.txt" "Ang tunay na kaibigan, nakikilala sa kagipitan."
8125.110816.100658.0376.wav "TGL_Utt_Salawikain.txt" "Magkulang ka na sa iyong magulang, huwang lang sa iyong biyenan."
8125.110816.100658.0377.wav "TGL_Utt_Salawikain.txt" "Kung binigyan ng buhay, bibigyan din ng ikabubuhay."
8125.110816.100658.0378.wav "TGL_Utt_Salawikain.txt" "Kung nasaan ang asukal, naruon ang langgam."
8125.110816.100658.0379.wav "TGL_Utt_Salawikain.txt" "Ang lakas ay daig ng paraan."
8125.110816.100658.0380.wav "TGL_Utt_Salawikain.txt" "Walang mahirap na gawa pag dinaan sa tiyaga."
8125.110816.100658.0381.wav "TGL_Utt_Salawikain.txt" "Ang taong nagigipit, sa patalim man ay kumakapit."
8125.110816.100658.0382.wav "TGL_Utt_Salawikain.txt" "Ang matapat na kaibigan, tunay na maaasahan."
8125.110816.100658.0383.wav "TGL_Utt_Salawikain.txt" "Kapag apaw na ang takalan, kailangan kalusan."
8125.110816.100658.0387.wav "TGL_Utt_Letter.txt" "Itinuturo ng katuwiran ang tayo'y umasa sa ating at huwag antayin sa iba ang ating kabuhayan."
8125.110816.100658.0390.wav "TGL_Utt_Letter.txt" "ang landas na dapat nating tunguhin, ang liwanag niya'y tanaw sa ting mga mata,"
8125.110816.100658.0393.wav "TGL_Utt_Letter.txt" "at gayon din naman nakipagbaka tayo sa mga Insik at taga-Holandang nagbalang umagaw sa kanila nitong Katagalugan."
8125.110816.100658.0394.wav "TGL_Utt_Letter.txt" "ang kukong nag-akma ng kamatayang alay sa atin ng mga ganid na asal."
8125.110816.100658.0396.wav "TGL_Utt_Letter.txt" "sa pamamagitan ng isang panunumpa na kumuha ng kaunting dugo sa kani-kanilang mga ugat,"
8125.110816.100658.0399.wav "TGL_Utt_Essay.txt" "Tangi pa rito, ang mga punong saging ay madalas na binubunot ng mga tao, gaya ng ginawa ng pangunang mga tauhan ng ating kuwento, itinatanim nila at pinipitas ang mga bunga (o ang pusong nagbibigay ng mga bunga) sa loob ng tatlo o apat na araw."
8125.110816.100658.0401.wav "TGL_Utt_Essay.txt" "Nangagalit ang mga kamag-anak at kasambahay ng alimango nang malaman ang nangyari."
8125.110816.100658.0403.wav "TGL_Utt_Essay.txt" "Isang maingat na pagsusuri at pagtutulad ang magtuturo sa atin na ang tunay na buod ng dalawang kuwento'y galing sa Timogÿ sa Sumatra, Haba, Mindanaw o kung dili naman kaya'y sa Kapuluang Pilipinas, at pagkatapos ay dinala ng mga tao o lahing lumipat sa gawing Hilaga upang manirahan sa mga Pulo ng Hapon at Riu-kiu."
8125.110816.100658.0409.wav "TGL_Utt_Essay.txt" "Kung ang mga matsing ay talagang higit na malakas kaysa mga alimangong nagnanais ng kapayapaan, ang bagay na ito'y hindi makapag-uudyok sa hari na pumasok sa lungga nang walang kasama, yamang siya nama'y hindi pinilit ng isang lalong malakas na kalaban; ngunit ang mangyayari'y tutungo ang mga alimango sa mga matsing upang makipagkasundo."
8125.110816.100658.0413.wav "TGL_Utt_Essay.txt" "Ang matsing sa dalawang pabulang ito'y gumaganap ng isang papel ÿ masakim, magaspang, balakyot at mapaghiganti; ang sa Hapong puno ng kaki ay siyang punong saging sa Pilipinas, madaling tumubo at mamunga kaysa ibang mga punongkahoy."
8125.110816.100658.0415.wav "TGL_Utt_Essay.txt" "Sa dalawang pabulang ito ay nasasangkap ang isang uri ng mga pag-uugali, at ang paghahalintulad sa mga ito, ay magdudulot marahil ng kasiyahan sa mga pantas-lahi."
8125.110816.100658.0416.wav "TGL_Utt_Essay.txt" "Nahitik ito sa dami ng bunga, ngunit ang alimango'y hindi makaakyat."
8125.110816.100658.0418.wav "TGL_Utt_Essay.txt" "Pinasan ng matsing ang pagong , nagtungo sa tabing-ilog at saka itinapon ang kaniyang dala sa tubig."
8125.110816.100658.0421.wav "TGL_Utt_Essay.txt" "Pinakiusapan niya ang matsing na siyang umakyat at mamitas ng mga bunga."
8125.110816.100658.0423.wav "TGL_Utt_Essay.txt" "Dito'y buong paghihinagpis na nahiga siya, masakit ang katawan at hindi makabangon."
8125.110816.100658.0424.wav "TGL_Utt_Essay.txt" "Napag-aralan ng mga batang Pilipino sa kanilang mga unang taon ang kuwento ng Matsing at ng Pagong; o kung dili kaya'y tinatawag ito sa wikang Tagalog na Ang Buhay ni Pagong at ni Matsing."
8125.110816.100658.0426.wav "TGL_Utt_Essay.txt" "Ang pagkakaiba ng dalawang kuwento'y nagpapakilalang ang isa ay hindi kinuha sa isa, at kapuwa nasa dalawang bansa na matagal pa bago dumating ang mga Europeo sa panig na ito ng daigdig."
8125.110816.100658.0427.wav "TGL_Utt_Story.txt" "Natanaw nila ang malalaking nag-uumpugang mga bato at nuon ay napagtanto nila na ang yungib ay pinagpupugaran ng engkantado."
8125.110816.100658.0428.wav "TGL_Utt_Story.txt" "Nang makita ng matsing ang mga bungang hinog na nangagbitin sa pagitan ng malalaki't luntiang dahon, siya ay umakyat, matuling namitas, at kumain nang kumain."
8125.110816.100658.0429.wav "TGL_Utt_Story.txt" "Kinabukasan, maaga itong gumising at ipinamalita sa lahat ng kapitbahay na kaya daw laging may dalang ilaw si Iput-Iput ay dahil duwag ito."
8125.110816.100658.0430.wav "TGL_Utt_Story.txt" "Agad nilang inanyayahan si Bernardo sa isang pagpupulong upang diumano ay dinggin ang karaingan ng mga Pilipino."
8125.110816.100658.0431.wav "TGL_Utt_Story.txt" "Sa suhestiyon ng kastilang pari na humanga sa lakas at kisig ng sanggol, siya ay pinangalanang Bernardo Carpio ng kanyang mga magulang."
8125.110816.100658.0433.wav "TGL_Utt_Story.txt" "Itinusok niya ng mga susó sa paligid ng katawan ng punong saging at saka matuling nagtago sa ilalim ng bao ng niyog."
8125.110816.100658.0435.wav "TGL_Utt_Story.txt" "Maliit pa lang ay kinakitaan na si Bernardo ng pambihirang lakas at kisig."
8125.110816.100658.0438.wav "TGL_Utt_Story.txt" "Tinignan ni Jose Kung mababasa niya ang aklat sa kastila, ngunit hindi niy ito mabasa."
8125.110816.100658.0441.wav "TGL_Utt_Story.txt" "Dili't isang maliit na insekto ang humahamon sa kanya ng away."
8125.110816.100658.0442.wav "TGL_Utt_Story.txt" "Mabilis na bumalik si Hagibis sa kapatagan upang humingi ng tulong sa mga mamamayan subali't natagalan bago naunawaan ng mga tao ang ibig sabihin ng mga  halinghing at pag-aalma ng kabayo."
8125.110816.100658.0445.wav "TGL_Utt_Story.txt" "Alam mo ba ang nangyari sa munting gamugamong hindi sumunod sa kanyang ina? "
8125.110816.100658.0447.wav "TGL_Utt_Story.txt" "Ganun pa man sila ay masaya sa kanilang buhay at matulungin sa kapwa lalu na tulad nilang naghihirap, at sa mga may sakit."
8125.110816.100658.0451.wav "TGL_Utt_Story.txt" "Sa kanyang pag-aalaga, ang bahagi ng enerhiya ni Bernardo ay dumaloy mula sa kanyang mga kamay at bumahagi sa kabayo na naging dahilan upang mabilis etong gumaling at nagsimulang nagpamalas din ng pambihirang lakas at bilis."
8125.110816.100658.0452.wav "TGL_Utt_Story.txt" "Sa simula, nakikinig si Jose sa kanyang pagbabasa."
8125.110816.100658.0456.wav "TGL_Utt_Story.txt" "Taung 1895 nang muling magpulong ang mga kalalakihan sa yungib ng Pamitinan at duon, sa karangalan ni Bernardo Carpio, ay ginawa nila ang unang sigaw ng himagsikan laban sa mga Kastila."
8125.110816.100658.0457.wav "TGL_Utt_Story.txt" "Nang buksan niya ang aklat, nakita niyang maraming drowing ang mga pahina nito."
8125.110816.100658.0458.wav "TGL_Utt_Story.txt" ""Narito ka pala, hamak na pagong", ang sabi niya."
8125.110816.100658.0459.wav "TGL_Utt_Story.txt" "Sa Tagalog ang ibig sabihin nito ay ANG KAIBIGAN NG MGA BATA."
8125.110816.100658.0461.wav "TGL_Utt_Story.txt" ""Hindi kita bibigyan kahit balat kung iyon ay makakain", ang sabi ng matsing na ang dalawang pisngi'y namimintog sa saging."
8125.110816.100658.0462.wav "TGL_Utt_Tula1.txt" "Sa mga tahana't pook na dakila,"
8125.110816.100658.0463.wav "TGL_Utt_Tula1.txt" "Naglaho nang ganap ang pangungulila;"
8125.110816.100658.0464.wav "TGL_Utt_Tula1.txt" "Ang pagkakaisa'y pagbabayanihan,"
8125.110816.100658.0465.wav "TGL_Utt_Tula1.txt" "Ngunit tila yata nalilimutan mo,"
8125.110816.100658.0466.wav "TGL_Utt_Tula1.txt" "Ikaw'y Pilipinong dapat na maghari."
8125.110816.100658.0467.wav "TGL_Utt_Tula1.txt" "Payo ng magulang ay banal na wika,"
8125.110816.100658.0468.wav "TGL_Utt_Tula1.txt" "Ikaw'y naglalakbay sa Bagong Daigdig;"
8125.110816.100658.0469.wav "TGL_Utt_Tula2_Shib.txt" "Ng alin mang likha noong kalayaan."
8125.110816.100658.0470.wav "TGL_Utt_Tula2_Shib.txt" "Ang wikang Tagalog tulad din sa Latin,"
8125.110816.100658.0471.wav "TGL_Utt_Tula2_Shib.txt" "Ang hindi magmahal sa kanyang salita"
8125.110816.100658.0472.wav "TGL_Utt_Tula2_Shib.txt" "Pagka’t ang salita’y isang kahatulan"
8125.110816.100658.0475.wav "TGL_Utt_Tula2_Shib.txt" "Nakain ako ng mangga (Quezon and Batangas)"
8125.110816.100658.0479.wav "TGL_Utt_Tula2_Shib.txt" "Sanlang kalayaan nasa ring masapi"
8125.110816.100658.0480.wav "TGL_Utt_Tula2_Shib.txt" "Ang lunday sa lawa noong dakong una."
8125.110816.100658.0481.wav "TGL_Utt_Tula2_Shib.txt" "Sanlang kalayaan nasa ring masapi"
8125.110816.100658.0482.wav "Random Digit" "32"
8125.110816.100658.0483.wav "Random Digit" "55"
8125.110816.100658.0484.wav "Random Digit" "93"
8125.110816.100658.0485.wav "Random Digit" "91"
8125.110816.100658.0486.wav "Random Digit" "38"
8125.110816.100658.0488.wav "Random Digit" "59"
8125.110816.100658.0492.wav "Random Digit" "28"
8125.110816.100658.0493.wav "Random Digit" "53"
8125.110816.100658.0494.wav "Random Digit" "31"
8125.110816.100658.0495.wav "Random Digit" "9"
