SessionID = "130201.010543"
SessionDate = "01/02/2013 (dd/mm/yyyy)"
SessionEnvironment = "closed empty room"
SessionComments = "0 dB Preatt, 80 Hz HPF"
SpeakerID = "0740"
SpeakerName = "Thea Angela P. Silayro"
SpeakerAge = 17
SpeakerGender = "female"
SpekaerDialect = "Hiligaynon - Iloilo"
MotherDialect = "Hiligaynon - Iloilo"
FatherDialect = "Hiligaynon - Capiz"
SpeakerProfession = "Student"
SpeakerComments = ""
0740.130201.010543.0001.wav "HIL_Iso_Airlines.txt" "Roxas Airport"
0740.130201.010543.0002.wav "HIL_Iso_Airlines.txt" "Kalibo International Airport"
0740.130201.010543.0003.wav "HIL_Iso_Airlines.txt" "Kalibo International Airport"
0740.130201.010543.0004.wav "HIL_Iso_Airlines.txt" "Sibulan Airport"
0740.130201.010543.0005.wav "HIL_Iso_Airlines.txt" "Kalibo International Airport"
0740.130201.010543.0006.wav "HIL_Iso_Airlines.txt" "Naga Airport"
0740.130201.010543.0007.wav "HIL_Iso_Airlines.txt" "Naga Airport"
0740.130201.010543.0008.wav "HIL_Iso_Airlines.txt" "Francisco Bangoy International Airport"
0740.130201.010543.0009.wav "HIL_Iso_Airlines.txt" "Daniel Z. Romualdez Airport"
0740.130201.010543.0010.wav "HIL_Iso_Airlines.txt" "General Santos International Airport"
0740.130201.010543.0011.wav "HIL_Iso_BodyParts.txt" "tina-e"
0740.130201.010543.0012.wav "HIL_Iso_BodyParts.txt" "kilay"
0740.130201.010543.0013.wav "HIL_Iso_BodyParts.txt" "suloksulók"
0740.130201.010543.0014.wav "HIL_Iso_BodyParts.txt" "tina-e"
0740.130201.010543.0015.wav "HIL_Iso_BodyParts.txt" "tina-e"
0740.130201.010543.0016.wav "HIL_Iso_BodyParts.txt" "suloksulók"
0740.130201.010543.0017.wav "HIL_Iso_BodyParts.txt" "hità"
0740.130201.010543.0018.wav "HIL_Iso_BodyParts.txt" "tiyan"
0740.130201.010543.0019.wav "HIL_Iso_BodyParts.txt" "hità"
0740.130201.010543.0020.wav "HIL_Iso_BodyParts.txt" "labotlabot"
0740.130201.010543.0021.wav "HIL_Iso_BodyParts.txt" "ariputan"
0740.130201.010543.0022.wav "HIL_Iso_Cities.txt" "Cagayan de Oro"
0740.130201.010543.0023.wav "HIL_Iso_Cities.txt" "Davao"
0740.130201.010543.0024.wav "HIL_Iso_Cities.txt" "Las Piñas"
0740.130201.010543.0025.wav "HIL_Iso_Cities.txt" "Lapu-Lapu"
0740.130201.010543.0026.wav "HIL_Iso_Cities.txt" "Cebu"
0740.130201.010543.0027.wav "HIL_Iso_Cities.txt" "Angeles"
0740.130201.010543.0028.wav "HIL_Iso_Cities.txt" "Singalong"
0740.130201.010543.0029.wav "HIL_Iso_Cities.txt" "Singalong"
0740.130201.010543.0030.wav "HIL_Iso_Cities.txt" "Sta. Mesa"
0740.130201.010543.0031.wav "HIL_Iso_Cities.txt" "Pasay"
0740.130201.010543.0032.wav "HIL_Iso_Cities.txt" "Guimaras"
0740.130201.010543.0033.wav "HIL_Iso_Colors_Pronouns.txt" "inyo"
0740.130201.010543.0034.wav "HIL_Iso_Colors_Pronouns.txt" "itum"
0740.130201.010543.0035.wav "HIL_Iso_Colors_Pronouns.txt" "pilá"
0740.130201.010543.0036.wav "HIL_Iso_Colors_Pronouns.txt" "kami"
0740.130201.010543.0037.wav "HIL_Iso_Colors_Pronouns.txt" "sin-o"
0740.130201.010543.0038.wav "HIL_Iso_Colors_Pronouns.txt" "amó to"
0740.130201.010543.0039.wav "HIL_Iso_Colors_Pronouns.txt" "kamo"
0740.130201.010543.0040.wav "HIL_Iso_Colors_Pronouns.txt" "diin"
0740.130201.010543.0041.wav "HIL_Iso_Colors_Pronouns.txt" "paano"
0740.130201.010543.0042.wav "HIL_Iso_Companies.txt" "Philippine Long Distance Telephone Company"
0740.130201.010543.0043.wav "HIL_Iso_Companies.txt" "Pilipino Telephone Corporation"
0740.130201.010543.0044.wav "HIL_Iso_Companies.txt" "Digital Telecommunications Philippines"
0740.130201.010543.0045.wav "HIL_Iso_Companies.txt" "First Philippine Holdings"
0740.130201.010543.0046.wav "HIL_Iso_Companies.txt" "ICTSI"
0740.130201.010543.0047.wav "HIL_Iso_Companies.txt" "ABS-CBN"
0740.130201.010543.0048.wav "HIL_Iso_Companies.txt" "Philippine Long Distance Telephone Company"
0740.130201.010543.0049.wav "HIL_Iso_Companies.txt" "Rizal Commercial Banking Corporation"
0740.130201.010543.0050.wav "HIL_Iso_Companies.txt" "Megaworld"
0740.130201.010543.0051.wav "HIL_Iso_Companies.txt" "San Miguel Brewery"
0740.130201.010543.0052.wav "HIL_Iso_Cuisine.txt" "Ítlog nga Pulá"
0740.130201.010543.0053.wav "HIL_Iso_Cuisine.txt" "Bibíngka"
0740.130201.010543.0054.wav "HIL_Iso_Cuisine.txt" "Ítlog nga Pulá"
0740.130201.010543.0055.wav "HIL_Iso_Cuisine.txt" "Sinúgba"
0740.130201.010543.0056.wav "HIL_Iso_Cuisine.txt" "Hinipunán"
0740.130201.010543.0057.wav "HIL_Iso_Cuisine.txt" "Hinubóg"
0740.130201.010543.0058.wav "HIL_Iso_Cuisine.txt" "Tórta"
0740.130201.010543.0059.wav "HIL_Iso_Cuisine.txt" "Tórta"
0740.130201.010543.0060.wav "HIL_Iso_Cuisine.txt" "La Paz Bátchoy"
0740.130201.010543.0061.wav "HIL_Iso_Cuisine.txt" "Láb-as"
0740.130201.010543.0062.wav "HIL_Iso_Cuisine.txt" "Chopsuéy"
0740.130201.010543.0063.wav "HIL_Iso_Educ.txt" "usman"
0740.130201.010543.0064.wav "HIL_Iso_Educ.txt" "kon"
0740.130201.010543.0065.wav "HIL_Iso_Educ.txt" "duhá"
0740.130201.010543.0066.wav "HIL_Iso_Educ.txt" "﻿abót"
0740.130201.010543.0067.wav "HIL_Iso_Educ.txt" "saráng"
0740.130201.010543.0068.wav "HIL_Iso_Educ.txt" "tulò sang ulan"
0740.130201.010543.0069.wav "HIL_Iso_Educ.txt" "madamò gid"
0740.130201.010543.0070.wav "HIL_Iso_Educ.txt" "hinanalì nga"
0740.130201.010543.0071.wav "HIL_Iso_Educ.txt" "buaya"
0740.130201.010543.0072.wav "HIL_Iso_Educ.txt" "sia nga"
0740.130201.010543.0073.wav "HIL_Iso_Hotels.txt" "Le Soleil De Boracay Hotel"
0740.130201.010543.0074.wav "HIL_Iso_Hotels.txt" "Shangri-La's Mactan Resort & Spa"
0740.130201.010543.0075.wav "HIL_Iso_Hotels.txt" "City Garden Suites"
0740.130201.010543.0076.wav "HIL_Iso_Hotels.txt" "Waterfront Airport Hotel & Casino"
0740.130201.010543.0077.wav "HIL_Iso_Hotels.txt" "Millennium Plaza Serviced Residences"
0740.130201.010543.0078.wav "HIL_Iso_Hotels.txt" "Dive Link Resort"
0740.130201.010543.0079.wav "HIL_Iso_Hotels.txt" "Ascott Makati Serviced Residence"
0740.130201.010543.0080.wav "HIL_Iso_Hotels.txt" "Cebu Parklane International Hotel"
0740.130201.010543.0081.wav "HIL_Iso_Hotels.txt" "The Orchard Cebu Hotel & Suites"
0740.130201.010543.0082.wav "HIL_Iso_Hotels.txt" "Boracay Hills Resort"
0740.130201.010543.0083.wav "HIL_Iso_Kinship.txt" "lolo"
0740.130201.010543.0084.wav "HIL_Iso_Kinship.txt" "kamanghuran"
0740.130201.010543.0085.wav "HIL_Iso_Kinship.txt" "kahampang"
0740.130201.010543.0086.wav "HIL_Iso_Kinship.txt" "tita"
0740.130201.010543.0087.wav "HIL_Iso_Kinship.txt" "byudo"
0740.130201.010543.0088.wav "HIL_Iso_Kinship.txt" "kamagulangan "
0740.130201.010543.0089.wav "HIL_Iso_Kinship.txt" "ginautod"
0740.130201.010543.0090.wav "HIL_Iso_Kinship.txt" "maninay"
0740.130201.010543.0091.wav "HIL_Iso_Kinship.txt" "kamagulangan"
0740.130201.010543.0092.wav "HIL_Iso_Kinship.txt" "ugangan"
0740.130201.010543.0093.wav "HIL_Iso_Landmarks.txt" "Intramuros"
0740.130201.010543.0094.wav "HIL_Iso_Landmarks.txt" "Simbahan ng San Sebastian"
0740.130201.010543.0095.wav "HIL_Iso_Landmarks.txt" "Camp John Hay"
0740.130201.010543.0096.wav "HIL_Iso_Landmarks.txt" "﻿Hagdan-Hagdang Palayan"
0740.130201.010543.0097.wav "HIL_Iso_Landmarks.txt" "Pagudpud"
0740.130201.010543.0098.wav "HIL_Iso_Landmarks.txt" "Camp John Hay"
0740.130201.010543.0099.wav "HIL_Iso_Landmarks.txt" "Fort Santiago"
0740.130201.010543.0100.wav "HIL_Iso_Landmarks.txt" "Tubbataha"
0740.130201.010543.0101.wav "HIL_Iso_Landmarks.txt" "Ayala Center"
0740.130201.010543.0102.wav "HIL_Iso_Landmarks.txt" "Ambuklao Dam"
0740.130201.010543.0103.wav "HIL_Iso_MinPairs.txt" "Hawak (the waist) -- Hawák (roof lath; thin strip of wood used to frame roofing material)"
0740.130201.010543.0105.wav "HIL_Iso_MinPairs.txt" "Habón (soap) -- Hab-on (to throw down in a heap or in disorder)"
0740.130201.010543.0107.wav "HIL_Iso_MinPairs.txt" "Dala (to bear fruit, to be pregnant) -- Dalá (anything carried, brought, taken, transported; or to carry, bring, take, transport) -- Dalâ (to form pus)"
0740.130201.010543.0108.wav "HIL_Iso_MinPairs.txt" "Hawak (the waist) -- Hawák (roof lath; thin strip of wood used to frame roofing material)"
0740.130201.010543.0109.wav "HIL_Iso_MinPairs.txt" "Dala (to bear fruit, to be pregnant) -- Dalá (anything carried, brought, taken, transported; or to carry, bring, take, transport) -- Dalâ (to form pus)"
0740.130201.010543.0110.wav "HIL_Iso_MinPairs.txt" "Upud (to burn up, consume completely) -- Upúd (the remnants of burnt wood, the stump of a cigar) -- Upúd (companion; to accompany)"
0740.130201.010543.0111.wav "HIL_Iso_MinPairs.txt" "Buli (a patadyong or native tube skirt that has been starched and made glossy by beating) -- Bulî (buttock)"
0740.130201.010543.0112.wav "HIL_Iso_MinPairs.txt" "Abang (to take within range or sweep, as when a house catches fire coming from another house) -- Abáng (greed )"
0740.130201.010543.0113.wav "HIL_Iso_MinPairs.txt" "Talon (jungle, uncultivated ground) -- Talón (to infect; to be contagious) -- Talón (to kick)"
0740.130201.010543.0114.wav "HIL_Iso_NamesFem.txt" "Arlene"
0740.130201.010543.0115.wav "HIL_Iso_NamesFem.txt" "Margarita"
0740.130201.010543.0116.wav "HIL_Iso_NamesFem.txt" "Jessa"
0740.130201.010543.0117.wav "HIL_Iso_NamesFem.txt" "Mary Jane"
0740.130201.010543.0118.wav "HIL_Iso_NamesFem.txt" "Mary Ann"
0740.130201.010543.0119.wav "HIL_Iso_NamesFem.txt" "Christy"
0740.130201.010543.0120.wav "HIL_Iso_NamesFem.txt" "Lovely"
0740.130201.010543.0121.wav "HIL_Iso_NamesFem.txt" "Kate"
0740.130201.010543.0122.wav "HIL_Iso_NamesFem.txt" "Jasmin"
0740.130201.010543.0123.wav "HIL_Iso_NamesFem.txt" "Belle"
0740.130201.010543.0124.wav "HIL_Iso_NamesMale.txt" "Benjie"
0740.130201.010543.0125.wav "HIL_Iso_NamesMale.txt" "Jay"
0740.130201.010543.0126.wav "HIL_Iso_NamesMale.txt" "Marvin"
0740.130201.010543.0127.wav "HIL_Iso_NamesMale.txt" "Alfred"
0740.130201.010543.0128.wav "HIL_Iso_NamesMale.txt" "Mark"
0740.130201.010543.0129.wav "HIL_Iso_NamesMale.txt" "Lito"
0740.130201.010543.0130.wav "HIL_Iso_NamesMale.txt" "Lester"
0740.130201.010543.0131.wav "HIL_Iso_NamesMale.txt" "Jayson"
0740.130201.010543.0132.wav "HIL_Iso_NamesMale.txt" "Elijah"
0740.130201.010543.0133.wav "HIL_Iso_NamesMale.txt" "Alfred"
0740.130201.010543.0134.wav "HIL_Iso_Ordinal.txt" "ikatatlo kag napulog anum"
0740.130201.010543.0135.wav "HIL_Iso_Ordinal.txt" "ika napulog isa"
0740.130201.010543.0136.wav "HIL_Iso_Ordinal.txt" "ika baynte kwatro"
0740.130201.010543.0137.wav "HIL_Iso_Ordinal.txt" "ikasetenta nga"
0740.130201.010543.0138.wav "HIL_Iso_Ordinal.txt" "ikanapulog tatlo nga"
0740.130201.010543.0139.wav "HIL_Iso_Ordinal.txt" "ika baynte tres"
0740.130201.010543.0140.wav "HIL_Iso_Ordinal.txt" "ikaduha ka napulog tatlo nga "
0740.130201.010543.0141.wav "HIL_Iso_Ordinal.txt" "ika tatlo kag napulog walo "
0740.130201.010543.0142.wav "HIL_Iso_Ordinal.txt" "ikanapulog lima nga"
0740.130201.010543.0143.wav "HIL_Iso_Ordinal.txt" "ika napulog pito"
0740.130201.010543.0144.wav "HIL_Iso_Surnames_Countries.txt" "Bautista "
0740.130201.010543.0145.wav "HIL_Iso_Surnames_Countries.txt" "Delos Santos"
0740.130201.010543.0146.wav "HIL_Iso_Surnames_Countries.txt" "Aquino "
0740.130201.010543.0147.wav "HIL_Iso_Surnames_Countries.txt" "Singapore"
0740.130201.010543.0148.wav "HIL_Iso_Surnames_Countries.txt" "Ang"
0740.130201.010543.0149.wav "HIL_Iso_Surnames_Countries.txt" "Del Rosario"
0740.130201.010543.0150.wav "HIL_Iso_Surnames_Countries.txt" "Ocampo "
0740.130201.010543.0151.wav "HIL_Iso_Surnames_Countries.txt" "Garcia "
0740.130201.010543.0152.wav "HIL_Iso_Time.txt" "isa nga"
0740.130201.010543.0153.wav "HIL_Iso_Time.txt" "pagkagab-i"
0740.130201.010543.0154.wav "HIL_Iso_Time.txt" "kon kis-a"
0740.130201.010543.0155.wav "HIL_Iso_Time.txt" "kon kis-a"
0740.130201.010543.0156.wav "HIL_Iso_Time.txt" "karon lang"
0740.130201.010543.0157.wav "HIL_Iso_Time.txt" "pagkatapos"
0740.130201.010543.0158.wav "HIL_Iso_Time.txt" "aga"
0740.130201.010543.0159.wav "HIL_Iso_Time.txt" "laon"
0740.130201.010543.0160.wav "HIL_Iso_Time.txt" "kaagahon"
0740.130201.010543.0161.wav "HIL_Iso_Time.txt" "anibersaryo"
0740.130201.010543.0162.wav "HIL_Iso_Time.txt" "talagsaon "
0740.130201.010543.0163.wav "HIL_Iso_Time.txt" "tumalagsá"
0740.130201.010543.0166.wav "HIL_Iso_Time.txt" "Mayo"
0740.130201.010543.0167.wav "HIL_Iso_Time.txt" "tatlo ka napulò"
0740.130201.010543.0168.wav "HIL_Iso_Time.txt" "gilayón"
0740.130201.010543.0169.wav "HIL_Iso_Time.txt" "gilayón"
0740.130201.010543.0170.wav "HIL_Iso_Time.txt" "gab-i"
0740.130201.010543.0171.wav "HIL_Iso_Time.txt" "pagligad"
0740.130201.010543.0172.wav "HIL_Iso_Time.txt" "kaina"
0740.130201.010543.0173.wav "HIL_Iso_Time.txt" "pagkatapos"
0740.130201.010543.0174.wav "HIL_Iso_Time.txt" "gilayón"
0740.130201.010543.0175.wav "HIL_Iso_Weather.txt" "maalimuom"
0740.130201.010543.0176.wav "HIL_Iso_Weather.txt" "temperatura"
0740.130201.010543.0177.wav "HIL_Iso_Weather.txt" "gulpi nga pagbaha"
0740.130201.010543.0178.wav "HIL_Iso_Weather.txt" "masanag"
0740.130201.010543.0179.wav "HIL_Iso_Weather.txt" "madulom"
0740.130201.010543.0180.wav "HIL_Iso_Weather.txt" "malá"
0740.130201.010543.0181.wav "HIL_Iso_Weather.txt" "mahangin"
0740.130201.010543.0182.wav "HIL_Iso_Weather.txt" "maalimuom"
0740.130201.010543.0183.wav "HIL_Iso_Weather.txt" "masanag"
0740.130201.010543.0184.wav "HIL_Utt_CommonExpressions.txt" "Maayong aga."
0740.130201.010543.0187.wav "HIL_Utt_CommonExpressions.txt" "Tagpila ini tanan palihog?"
0740.130201.010543.0188.wav "HIL_Utt_CommonExpressions.txt" "Pasensya na sa inyo."
0740.130201.010543.0189.wav "HIL_Utt_CommonExpressions.txt" "Malakat na ako."
0740.130201.010543.0190.wav "HIL_Utt_CommonExpressions.txt" "Baskog kaayo ang ulan."
0740.130201.010543.0191.wav "HIL_Utt_CommonExpressions.txt" "Madamo gid nga salamat."
0740.130201.010543.0192.wav "HIL_Utt_CommonExpressions.txt" "Maayong gab-i sa inyo.	"
0740.130201.010543.0193.wav "HIL_Utt_CommonExpressions.txt" "Kumusta kamo?"
0740.130201.010543.0194.wav "HIL_Utt_CommonExpressions.txt" "Palangga ta gid ka."
0740.130201.010543.0195.wav "HIL_Utt_CommonExpressions.txt" "Maayong hapon."
0740.130201.010543.0196.wav "HIL_Utt_CommonExpressions.txt" "Halong kamo. "
0740.130201.010543.0197.wav "HIL_Utt_CommonExpressions.txt" "Malipayon nga pagtamyaw sa inyo."
0740.130201.010543.0198.wav "HIL_Utt_CommonExpressions.txt" "Ano ang ngalan nyo?"
0740.130201.010543.0199.wav "HIL_Utt_CommonExpressions.txt" "Ano ang ngalan nyo?"
0740.130201.010543.0201.wav "HIL_Utt_CommonExpressions.txt" "Malipayon nga pagpatamyaw."
0740.130201.010543.0202.wav "HIL_Utt_CommonExpressions.txt" "Malipayon nga pagpatamyaw."
0740.130201.010543.0203.wav "HIL_Utt_CommonExpressions.txt" "Palangga ko ikaw."
0740.130201.010543.0204.wav "HIL_Utt_CommonExpressions.txt" "Tagpila ini tanan palihog?"
0740.130201.010543.0205.wav "HIL_Utt_CommonExpressions.txt" "Sa diin ka nagapuyô?"
0740.130201.010543.0206.wav "HIL_Utt_Education02.txt" "Magsulat sang isa ka dinalan parti sa imo nga largway."
0740.130201.010543.0207.wav "HIL_Utt_Education02.txt" "Bilugi ang pangalan nga lain ang kasarian."
0740.130201.010543.0208.wav "HIL_Utt_Education02.txt" "Dako ang ginabulig sang mga biswal nga representasyon sa pag-intyindi sang mga datos."
0740.130201.010543.0209.wav "HIL_Utt_Education02.txt" "Magtukib sa librerya parti sa lain-lain nga klase sang balay sa sang-una nga tyempo nga ang iban makit-an man gyapon sa probinsya asta subong nga mga tyempo."
0740.130201.010543.0210.wav "HIL_Utt_Education02.txt" "Bilugi ang tsakto nga 'pamahunan' sang pandiwa sa sulod sang panaklong."
0740.130201.010543.0211.wav "HIL_Utt_Education02.txt" "Sa aton nga pagbasa, duwa ka klase sang importante nga impormasyon ang kailangan naton pangitaon -- impormasyon nga directo ginahambal kag ang impormasyon nga indi direkto nga ginahambal sa ginbasa."
0740.130201.010543.0212.wav "HIL_Utt_Education02.txt" "Paano mo nasigurado nga akig na gid sya sa imo?"
0740.130201.010543.0213.wav "HIL_Utt_Education02.txt" "Ano ang imo himuon?"
0740.130201.010543.0214.wav "HIL_Utt_Education02.txt" "Halin diri mabal-an mo ang ila nga mga binatasan."
0740.130201.010543.0215.wav "HIL_Utt_Education02.txt" "Siguraduha nga isulat ang mga gapasunod."
0740.130201.010543.0216.wav "HIL_Utt_Education02.txt" "Basaha ang sitwasyon at sabti ang mga pamangkot."
0740.130201.010543.0218.wav "HIL_Utt_Education02.txt" "Base sa Sikolohiya, ang isa ka pinaka-ginakahadlukan sang tawao ang pagkahadlok sa way-alam parti sa isa ka butang."
0740.130201.010543.0220.wav "HIL_Utt_Education02.txt" "Ano nga kinamatarung ang ginahambal sa mga gipasunod nga sitwasyon?"
0740.130201.010543.0222.wav "HIL_Utt_Education02.txt" "Kumbaga, liban sa pagkilatos naton sang tono, kadasigon kag intonasyon nya sa iya nga paghambal, kinahanglan man naton mabal-an ang bilog nga kunteksto o ang sitwasyon nga ginaundan sini."
0740.130201.010543.0223.wav "HIL_Utt_Education02.txt" "Pwede isulat ang impormasyon nga nakuha sa dalom sang inyo nga gindrowing."
0740.130201.010543.0224.wav "HIL_Utt_Essay.txt" "Indi amó sini ang sa Tagalog."
0740.130201.010543.0225.wav "HIL_Utt_Essay.txt" "Labaw pa sini , ang mga puno sang saging masami nga ginapanggabot sang tawo , parehas sang ginhimo sang tig-una nga mga karakter sang aton sugilanon , ginatanum nila kag ginapupo  ang mga bunga sa sulod sang tatlo ukon apat ka adlaw."
0740.130201.010543.0227.wav "HIL_Utt_Essay.txt" "Ang Amô  mas  makusog kay sa baó, gani nakuha niya  ang sa punta dapit, kay pagdumdum niya madali magtubo, kay madamò na daan sang dahon.  "
0740.130201.010543.0228.wav "HIL_Utt_Essay.txt" " Manami ini nga puno, may mga daku kag berde nga dahon, kag may mga gamot pa nga daw bag-o pa lang magabot pagkatapos sang bagyo.   "
0740.130201.010543.0231.wav "HIL_Utt_Essay.txt" "May isa man ka karaan nga sugilanon sang isang  ka baganihan nga Hapon, nga abi ko ginatawag nga Timotenho nga dapat maghalin sa mga Pulo sa Sur didto."
0740.130201.010543.0232.wav "HIL_Utt_Greetings.txt" "Ginatamyaw ko ikaw."
0740.130201.010543.0233.wav "HIL_Utt_Greetings.txt" "Maayong adlaw sa inyo."
0740.130201.010543.0234.wav "HIL_Utt_Greetings.txt" "Maayong udto."
0740.130201.010543.0235.wav "HIL_Utt_Greetings.txt" "Mabinungahon nga bag-ong tuig."
0740.130201.010543.0236.wav "HIL_Utt_Greetings.txt" "Halong."
0740.130201.010543.0237.wav "HIL_Utt_Greetings.txt" "Halong."
0740.130201.010543.0238.wav "HIL_Utt_Greetings.txt" "Malipayon nga kaadlawan."
0740.130201.010543.0239.wav "HIL_Utt_Greetings.txt" "Malakát na ako."
0740.130201.010543.0240.wav "HIL_Utt_Greetings.txt" "Mabinungahon nga bag-ong tuig."
0740.130201.010543.0241.wav "HIL_Utt_Greetings.txt" "Bendisyonan ka tani sang Dios."
0740.130201.010543.0242.wav "HIL_Utt_Greetings.txt" "Patawad lang"
0740.130201.010543.0243.wav "HIL_Utt_Greetings.txt" "Mamalihug lang."
0740.130201.010543.0244.wav "HIL_Utt_Greetings.txt" "Mainit nga panamyaw sa inyo tanan."
0740.130201.010543.0245.wav "HIL_Utt_Greetings.txt" "Maghalong ka."
0740.130201.010543.0247.wav "HIL_Utt_Greetings.txt" "Malakát na ako."
0740.130201.010543.0248.wav "HIL_Utt_Greetings.txt" "Sakà kamo. "
0740.130201.010543.0249.wav "HIL_Utt_Greetings.txt" "Yari batuna ang amon kinasing-kasing nga"
0740.130201.010543.0250.wav "HIL_Utt_Interrogatives.txt" "Estudyante balá siya?"
0740.130201.010543.0251.wav "HIL_Utt_Interrogatives.txt" "Diin nga bayò ang ihatag mo sa iya?"
0740.130201.010543.0252.wav "HIL_Utt_Interrogatives.txt" "Kanday sin-o ang kaupod mo?"
0740.130201.010543.0253.wav "HIL_Utt_Interrogatives.txt" "Doktor na si James, indi balá ? Indi balá?"
0740.130201.010543.0254.wav "HIL_Utt_Interrogatives.txt" "Ano ang ginahimò ni Michael sa baláy?"
0740.130201.010543.0255.wav "HIL_Utt_Interrogatives.txt" "Ngaa gindala sa ospital si Maricel?"
0740.130201.010543.0256.wav "HIL_Utt_Interrogatives.txt" "Ano ang mga ginluto ni Maricel?"
0740.130201.010543.0257.wav "HIL_Utt_Interrogatives.txt" "Si Michael ang nagkaon sang pahò?"
0740.130201.010543.0258.wav "HIL_Utt_Interrogatives.txt" "Ano ang mga ginluto ni Maricel?"
0740.130201.010543.0259.wav "HIL_Utt_Interrogatives.txt" "Sa diin ginpangità ni Roland ang gamit niya?"
0740.130201.010543.0260.wav "HIL_Utt_Interrogatives.txt" "May sakit ka, indi balá ?"
0740.130201.010543.0261.wav "HIL_Utt_Interrogatives.txt" "Wala siya magkaon, no?"
0740.130201.010543.0262.wav "HIL_Utt_Interrogatives.txt" "Okey balá siya?  "
0740.130201.010543.0263.wav "HIL_Utt_Interrogatives.txt" "Manunudlo balá si Maricel?"
0740.130201.010543.0264.wav "HIL_Utt_Interrogatives.txt" "Ngaa gindala sa ospital si Maricel?"
0740.130201.010543.0267.wav "HIL_Utt_Letter.txt" "Sa amo man, gin paidalom sila sa kaugalian sang ginpangtul-id pinaagi sang isa ka pagpanumpa nga magkuha sang diutay nga dugo sa ila mga ugat kag ini ginsimbog kag gin-inum nila bilang tanda sang tunay kag lubos nga pagsaad nga indi magtraydor sa ginpanagiyahan."
0740.130201.010543.0268.wav "HIL_Utt_Letter.txt" "Amo ini ang ginatawag nga Pacto de Sangre sang hari nga Sikatuna kag ni Legaspi nga ginrepresentahan sang hari sa Espana."
0740.130201.010543.0269.wav "HIL_Utt_Letter.txt" "Amo ini ang ginatawag nga Pacto de Sangre sang hari nga Sikatuna kag ni Legaspi nga ginrepresentahan sang hari sa Espana."
0740.130201.010543.0271.wav "HIL_Utt_Letter.txt" "karon nagakalunod na sa nagabaha nga luha sang Iloy nga nautod nga kabuhi sang anak, sa pagtangis sang bata nga gin ilo sang kapintas nga ang kada tulo pareho sang naga indakal nga tingga nga yara sa mahapdi nga pilas sang aton kasingkasing nga nagabatyag;"
0740.130201.010543.0272.wav "HIL_Utt_Letter.txt" "gina taya Naton ang manggad, dugo kag tunay nga kasimanwa nga indi na gid magpasakop sa ila, kag sa amo man magpakigbaka kita sa mga Intsik kag taga-Holanda nga nag nagtilaw sa pag-agaw sa ila sining Katagalugan."
0740.130201.010543.0273.wav "HIL_Utt_Letter.txt" "gina taya Naton ang manggad, dugo kag tunay nga kasimanwa nga indi na gid magpasakop sa ila, kag sa amo man magpakigbaka kita sa mga Intsik kag taga-Holanda nga nag nagtilaw sa pag-agaw sa ila sining Katagalugan."
0740.130201.010543.0274.wav "HIL_Utt_Letter.txt" "karon sobra pa nga nahigtan sang kadena nga nagahalit sa kada lalaki nga may ginahalungan nga pagkaputli."
0740.130201.010543.0275.wav "HIL_Utt_Letter.txt" "karon sobra pa nga nahigtan sang kadena nga nagahalit sa kada lalaki nga may ginahalungan nga pagkaputli."
0740.130201.010543.0277.wav "HIL_Utt_Literature02.txt" "Gani, daw sa pitik-sintas, hinali lamang ginbutong ko ang kamot ni Araceli pakadto sa akon lawas kag daw sa madasig pa sa kilat,"
0740.130201.010543.0278.wav "HIL_Utt_Literature02.txt" "Mabug-at ang ila mga tiil kag dughan"
0740.130201.010543.0279.wav "HIL_Utt_Literature02.txt" "baganihan nga nagpakig-away batok sa kamatayon agod mabuhi nga hilway kag may kinamatarong sa pamuad bisan pa ang kabaylo iya kamatayon."
0740.130201.010543.0280.wav "HIL_Utt_Literature02.txt" "Pero ang aton hinablos nga si Jules ang ginasuspetsahan sang sala nga ikaw ang naghimo."
0740.130201.010543.0281.wav "HIL_Utt_Literature02.txt" "Kag dugang pa, waay ako sang nakita nga diperensya sa iya pagtinagalog. Para sa akon natural lang nga magtinagalog sia anay kay waay pa gid sia maanad mag-inilonggo."
0740.130201.010543.0282.wav "HIL_Utt_Literature02.txt" "Kag dugang pa, waay ako sang nakita nga diperensya sa iya pagtinagalog. Para sa akon natural lang nga magtinagalog sia anay kay waay pa gid sia maanad mag-inilonggo."
0740.130201.010543.0283.wav "HIL_Utt_Literature02.txt" "Kag dugang pa, waay ako sang nakita nga diperensya sa iya pagtinagalog. Para sa akon natural lang nga magtinagalog sia anay kay waay pa gid sia maanad mag-inilonggo."
0740.130201.010543.0284.wav "HIL_Utt_Literature02.txt" "Amo gid lang ini ang paagi nga nahibal-an ko agod masalbar ang aton negosyo. Ginpalitog ko ang madamo kag malahalon nga mga alahas kag gintutdan ko ang aton ahensya."
0740.130201.010543.0287.wav "HIL_Utt_Literature02.txt" "Amo gid lang ini ang paagi nga nahibal-an ko agod masalbar ang aton negosyo. Ginpalitog ko ang madamo kag malahalon nga mga alahas kag gintutdan ko ang aton ahensya."
0740.130201.010543.0288.wav "HIL_Utt_Literature02.txt" "Amo gid lang ini ang paagi nga nahibal-an ko agod masalbar ang aton negosyo. Ginpalitog ko ang madamo kag malahalon nga mga alahas kag gintutdan ko ang aton ahensya."
0740.130201.010543.0289.wav "HIL_Utt_Literature02.txt" "Isa ka gatus ka tuig na ang nagligad sang ang mga "
0740.130201.010543.0290.wav "HIL_Utt_Literature02.txt" "Isa ka gatus ka tuig na ang nagligad sang ang mga "
0740.130201.010543.0291.wav "HIL_Utt_Literature02.txt" "Baw, kun ang publiko, may ara transaksiyon, "
0740.130201.010543.0292.wav "HIL_Utt_Literature02.txt" "Pero tan-awa sila, masubu sa gihapon ang ila mga nawong,"
0740.130201.010543.0293.wav "HIL_Utt_Literature02.txt" "Salamat kag natuman gid ang dalamguhanon ko nga makaupod sila."
0740.130201.010543.0294.wav "HIL_Utt_Medical02.txt" "Luwas sa paggamit sang alcohol, dapat maligo man adlaw-adlaw kag maghugas sang kamot pirme. Luwas sa radio, malantaw man ini sa internet sa DZRH."
0740.130201.010543.0295.wav "HIL_Utt_Medical02.txt" "Hindi maligo sa swimming pool kung may ara pa sore eyes kay pwede malatnan ang iban nga gapaligo."
0740.130201.010543.0297.wav "HIL_Utt_Medical02.txt" "Kung ang pila ka sikreto ginapanghimutigon man mismo sang mga duktor kapin pa kung parti sa kahuluya pero importante nga detalye sa kaayuhan sang lawas gawi o lifestyle, pwede kabigon ang iyahon nga kabuhi."
0740.130201.010543.0298.wav "HIL_Utt_Medical02.txt" "E kagat sang tawo?"
0740.130201.010543.0299.wav "HIL_Utt_Medical02.txt" "Samtang gainom bulong, regular man gyapon kwaon ang BP para makita sang duktor kung name ang BP mo."
0740.130201.010543.0300.wav "HIL_Utt_Medical02.txt" "Ang mga dahon nga ini mataliwis kag may lima ka tudlo parehos sang kamot."
0740.130201.010543.0301.wav "HIL_Utt_Medical02.txt" "Ang mga kalalakihan nga wala pa prostatitis ang layo nga magka amo ni kung sexually active sya kg ang mga lalaki nga may ara sini sang-una ang possible nga mabuhinan ang pag-ka ara sini kung mapaka aktibo ini sa sex."
0740.130201.010543.0303.wav "HIL_Utt_Medical02.txt" "Ang mga kalalakihan nga wala pa prostatitis ang layo nga magka amo ni kung sexually active sya kg ang mga lalaki nga may ara sini sang-una ang possible nga mabuhinan ang pag-ka ara sini kung mapaka aktibo ini sa sex."
0740.130201.010543.0305.wav "HIL_Utt_Medical02.txt" "Ang mga kalalakihan nga wala pa prostatitis ang layo nga magka amo ni kung sexually active sya kg ang mga lalaki nga may ara sini sang-una ang possible nga mabuhinan ang pag-ka ara sini kung mapaka aktibo ini sa sex."
0740.130201.010543.0306.wav "HIL_Utt_Medical02.txt" "Acne-iinhibitors parehos sang Enalapril pulo ka  gramo o Captopril lima ka gramo nga tableta."
0740.130201.010543.0307.wav "HIL_Utt_Medical02.txt" "Luwas sa mahal, may mga pagtuon man nga nagahambal nga may malain nga epekto ini sa tagipusuon."
0740.130201.010543.0308.wav "HIL_Utt_Medical02.txt" "Tungod sa katungdanan sang korason nga ihukup ang pag-ilig sang dugo nga gahatag kabuhi sa lawas, ang mga balatian sa korason ang isa sa mga pinaka mapeligro nga balatian sa tawo."
0740.130201.010543.0309.wav "HIL_Utt_News02.txt" "The TFE pagatapu-an sang mga katapu sang representante nga nagikan sa DILG, DOJ, CHR, gobyerno probinsyal kag isa ka nagikan sa kumonidad ukon sa grupo sibika."
0740.130201.010543.0310.wav "HIL_Utt_News02.txt" "Ginpabutyag ni Dr. Maria Socorro Colmenares-Quinon, Assistant Provincial Health Officer I sang IPHO sa PIA-Cable TV program nga may pagtaas sang 144 percent ang nanotahan sa kaso sang makamamatay nga balatian kon i-komparar sa Enero tubtob Mayo 2011 nga record nga may yara lamang nga 188 cases kag isa nga napatay."
0740.130201.010543.0312.wav "HIL_Utt_News02.txt" "May anum ka mga manunudlo nga nagikan sa Bacolod City National High School nga naga hanas sang Finishing Course for Call Center Agents bilang bahin sang ila pagbatun para sa modelo nga K12 Call Center Course nga igapatuman sa sini nga tuig."
0740.130201.010543.0313.wav "HIL_Utt_News02.txt" "Si De la Cruz nagdugang sa pagsiling nga ang SPES nagabulig sa mga estudyante nga mangin mabinungahon sa tion sang bakasyon kag makatipon sang kuarta nga ila magamit sa madason nga enrollment sa eskuelahan."
0740.130201.010543.0314.wav "HIL_Utt_News02.txt" "Si De la Cruz nagdugang sa pagsiling nga ang SPES nagabulig sa mga estudyante nga mangin mabinungahon sa tion sang bakasyon kag makatipon sang kuarta nga ila magamit sa madason nga enrollment sa eskuelahan."
0740.130201.010543.0315.wav "HIL_Utt_News02.txt" "Si De la Cruz nagdugang sa pagsiling nga ang SPES nagabulig sa mga estudyante nga mangin mabinungahon sa tion sang bakasyon kag makatipon sang kuarta nga ila magamit sa madason nga enrollment sa eskuelahan."
0740.130201.010543.0317.wav "HIL_Utt_News02.txt" "Ang calamansi marmalade nga may brandy nga ilimnon nga ginhimo ni British chef kag pumoluyo sang Bacolod nga si Robert Harland ang nakakuha sang 19 ka puntos sa kabilogan nga 20."
0740.130201.010543.0318.wav "HIL_Utt_News02.txt" "Ang mga katapu sang 4-H Club sa Western Visayas maga paindis-indis sa anum ka kategoriya sa rehiyonal nga sinapul nga nagsugod kahapon tubtub subong nga adlaw sa Mambukal Mountain Resort, sa banwa sang Murcia, Negros Occidental."
0740.130201.010543.0319.wav "HIL_Utt_News02.txt" "Ang mga katapu sang 4-H Club sa Western Visayas maga paindis-indis sa anum ka kategoriya sa rehiyonal nga sinapul nga nagsugod kahapon tubtub subong nga adlaw sa Mambukal Mountain Resort, sa banwa sang Murcia, Negros Occidental."
0740.130201.010543.0320.wav "HIL_Utt_News02.txt" "Suno kay Sayson, ila na ihatag kay Mayor Leonardia ang pinal nga draft ukon kopya sang executive order sini nga semana."
0740.130201.010543.0324.wav "HIL_Utt_News02.txt" "Sila ang nagabulig sa mga kinanhanglanon sang mga pigado nga pasyente kag nagahatag sang walay bayad nga serbisyo bilang isa ka non-profit nga organisasyon, sila nagasalig lamang sa nga ginahatag sang pribado nga mga tinuga para makapadayon sang ila serbisyo."
0740.130201.010543.0325.wav "HIL_Utt_News02.txt" "Sila ang nagabulig sa mga kinanhanglanon sang mga pigado nga pasyente kag nagahatag sang walay bayad nga serbisyo bilang isa ka non-profit nga organisasyon, sila nagasalig lamang sa nga ginahatag sang pribado nga mga tinuga para makapadayon sang ila serbisyo."
NOT_RECORDED "HIL_Utt_News02.txt" "Halin sang Septyembre 2010 tubtub Marso 2012 may kapin na sa 11,396 NOCHP cardholders ang naga benepisyo sa NOCHP nga serbisyo."
NOT_RECORDED "HIL_Utt_News02.txt" "Ang pagkinahanglan sang dugo nagadagsa tungod sa mga aksidente kag mga balatian nga ginatughongan sang dugo, katulad sang mga pasyente nga nagapaidalum sa dialysis, suno kay Buyco."
0740.130201.010543.0326.wav "HIL_Utt_Salawikain.txt" "Ang tawo kon manggaranon, madamo sang abyan."
0740.130201.010543.0327.wav "HIL_Utt_Salawikain.txt" "Ang tawo kon manggaranon, madamo sang abyan."
0740.130201.010543.0328.wav "HIL_Utt_Salawikain.txt" "Ang tawo kon manggaranon, madamo sang abyan."
0740.130201.010543.0329.wav "HIL_Utt_Salawikain.txt" "Sa tawo ang pagbuhat, sa Dios ang kalooy."
0740.130201.010543.0330.wav "HIL_Utt_Salawikain.txt" "Kon diin ang kalamay, yara may subay."
0740.130201.010543.0331.wav "HIL_Utt_Salawikain.txt" "Kon ano kataas ang lupad, amo man ang lagapak pagka hulog. "
0740.130201.010543.0332.wav "HIL_Utt_Salawikain.txt" "Kon ginhatagan sang kabuhi, hatagan man sang ipangabuhi."
0740.130201.010543.0333.wav "HIL_Utt_Salawikain.txt" "Ang malain nga hilamon, madugay  mapatay."
0740.130201.010543.0334.wav "HIL_Utt_Salawikain.txt" "Kon ginhatagan sang kabuhi, hatagan man sang ipangabuhi."
0740.130201.010543.0336.wav "HIL_Utt_Salawikain.txt" "Ang paglikaw sa kaaway, amó ang tuod nga kaisog."
0740.130201.010543.0338.wav "HIL_Utt_Salawikain.txt" "Lupig sang mapat-od ang tawo nga mapisan."
0740.130201.010543.0339.wav "HIL_Utt_Salawikain.txt" "Samtang malip-ot ang habol, tun-an magtikongkong"
0740.130201.010543.0341.wav "HIL_Utt_Salawikain.txt" "Kon may gintanum, may anihon."
0740.130201.010543.0342.wav "HIL_Utt_Salawikain.txt" "Ang isda madakop sa bibig. Ang tawo, sa pinulungan."
0740.130201.010543.0343.wav "HIL_Utt_Salawikain.txt" "Kon ginhatagan sang kabuhi, hatagan man sang ipangabuhi."
0740.130201.010543.0344.wav "HIL_Utt_Salawikain.txt" "Madamò ang maisog sa isip, apang kulang ang malig-on nga buot."
0740.130201.010543.0345.wav "HIL_Utt_Salawikain.txt" "Sa tawo ang pagbuhat, sa Dios ang kalooy."
0740.130201.010543.0347.wav "HIL_Utt_Story.txt" "Gab –i  sadto kag nagakatulog na ang gorilya, apang ginpalapit niya ang suga sa nawong sini tubtub nga nakamata ini."
0740.130201.010543.0348.wav "HIL_Utt_Story.txt" "Gab –i  sadto kag nagakatulog na ang gorilya, apang ginpalapit niya ang suga sa nawong sini tubtub nga nakamata ini."
0740.130201.010543.0349.wav "HIL_Utt_Story.txt" "GINTUDLOAN si  Jose  ni Donya Teodora nga magbasa sang Kinatsila."
0740.130201.010543.0350.wav "HIL_Utt_Story.txt" "GINTUDLOAN si  Jose  ni Donya Teodora nga magbasa sang Kinatsila."
0740.130201.010543.0351.wav "HIL_Utt_Story.txt" "“Ang lusóng, ang lusóng,” ang sabát sang baó;  “nahadlok ako malumós.“"
NOT_RECORDED "HIL_Utt_Story.txt" "ISA KA ADLAW, ang amô kag ang baó nakakita sa isa ka puno sang saging nga nagalutaw-lutaw sa masulog nga tubig sang subâ."
NOT_RECORDED "HIL_Utt_Story.txt" "Bago pa mag-ikaanim ng hapon ay nagtipon na ang mga dambuhalang gorilya sa plasa ngunit nadatnan na nila ang alitaptap na naghihintay sa kanila."
NOT_RECORDED "HIL_Utt_Story.txt" "Natalupangdan man ni Donya Teodora nga wala nagapamati si Jose sa ginabasa niya. Ginsira niya ang libro."
NOT_RECORDED "HIL_Utt_Story.txt" "Apang bisan pa, malipayon sila sa ila pangabuhi kag mabinuligon sa isigkatawo, ilabi na sa mga katulad nila nga mga kubos kag sa mga may balatian. "
NOT_RECORDED "HIL_Utt_Story.txt" ""Nagdala ako sang suga agud nga kon magpalapit kag magkagat ang mga lamok sa akon makita ko sila gilayon kag dayon ako maka depensa sang akon kaugalingon,” sabat ni Iput-Iput."
NOT_RECORDED "HIL_Utt_Story.txt" "Wala labot sina, gingrasyahan man sila ni Bathala sang bata nga may tumalagsahon nga kusog kag kalig-on nga simbolo sang malig-on nga pagsalig kag maayo nga kabubut-on nga ginpakita sang iya mga ginikanan. "
0740.130201.010543.0352.wav "HIL_Utt_Story.txt" "“Ang lusóng, ang lusóng,” ang sabát sang baó;  “nahadlok ako malumós.“"
0740.130201.010543.0353.wav "HIL_Utt_Tourism02.txt" "Ano nga klase sang produksyon ina?"
0740.130201.010543.0354.wav "HIL_Utt_Tourism02.txt" "Madamo ka bala nabal-an parti sa lain-lain nga probinsya sang Pilipinas?"
0740.130201.010543.0355.wav "HIL_Utt_Tourism02.txt" "Ginkaon mo to tanan?"
0740.130201.010543.0356.wav "HIL_Utt_Tourism02.txt" "All-you-can-eat bala diri?"
0740.130201.010543.0357.wav "HIL_Utt_Tourism02.txt" "Diin ang pang-advanced nga kurso?"
0740.130201.010543.0358.wav "HIL_Utt_Tourism02.txt" "May ara ka bala lotion para sa sunburn?"
0740.130201.010543.0359.wav "HIL_Utt_Tourism02.txt" "Hatagi bala ako sang tax refund application."
0740.130201.010543.0360.wav "HIL_Utt_Tourism02.txt" "Pwede ko bala mabal-an ang detalyado nga mga natabo?"
0740.130201.010543.0361.wav "HIL_Utt_Tourism02.txt" "Gamita ining pambuka sang shell."
0740.130201.010543.0363.wav "HIL_Utt_Tourism02.txt" "Nakasulat sa card nga ini ang ubra ko sang una pero Deputy Export Manager na ko subong."
0740.130201.010543.0364.wav "HIL_Utt_Tula.txt" "makaluluoy man –"
0740.130201.010543.0365.wav "HIL_Utt_Tula.txt" "Indi ka magkahangawa,"
0740.130201.010543.0366.wav "HIL_Utt_Tula.txt" "Nag-arado. Nagpanggas. Nanghilamon."
0740.130201.010543.0367.wav "HIL_Utt_Tula.txt" "Indi kita pagkulangon"
0740.130201.010543.0368.wav "HIL_Utt_Tula.txt" "Indi ka magkahangawa,"
0740.130201.010543.0369.wav "HIL_Utt_Tula.txt" "Nag-arado. Nagpanggas. Nanghilamon."
0740.130201.010543.0370.wav "HIL_Utt_Tula.txt" "Ginbuhos sa sining dalamguhanon."
0740.130201.010543.0372.wav "HIL_Utt_Tula.txt" "husto dulang tana magpurupisngu"
0740.130201.010543.0374.wav "HIL_Utt_Tula.txt" "Nag-arado. Nagpanggas. Nanghilamon."
0740.130201.010543.0375.wav "HIL_Utt_Tula.txt" "Nag-arado. Nagpanggas. Nanghilamon."
0740.130201.010543.0376.wav "Random Digit" "83"
0740.130201.010543.0377.wav "Random Digit" "26"
0740.130201.010543.0378.wav "Random Digit" "43"
0740.130201.010543.0379.wav "Random Digit" "67"
0740.130201.010543.0380.wav "Random Digit" "35"
0740.130201.010543.0382.wav "Random Digit" "70"
0740.130201.010543.0383.wav "Random Digit" "39"
0740.130201.010543.0384.wav "Random Digit" "54"
0740.130201.010543.0386.wav "Random Digit" "91"
0740.130201.010543.0387.wav "Random Digit" "85"
